[17:45:17] [Main/INFO] [Arraybot]: Starting up Arraybot...
[17:45:17] [Main/INFO] [Arraybot]: Loading in the configuration...
[17:45:17] [Main/INFO] [Arraybot]: The configuration has been loaded.
[17:45:17] [Main/INFO] [Arraybot]: 
[17:45:17] [Main/INFO] [Arraybot]: 
[17:45:17] [Main/INFO] [Arraybot]: 
[17:45:17] [Main/INFO] [Arraybot]:  _______  ______    ______    _______  __   __  _______  _______  _______
[17:45:17] [Main/INFO] [Arraybot]: |   _   ||    _ |  |    _ |  |   _   ||  | |  ||  _    ||       ||       |
[17:45:17] [Main/INFO] [Arraybot]: |  |_|  ||   | ||  |   | ||  |  |_|  ||  |_|  || |_|   ||   _   ||_     _|
[17:45:17] [Main/INFO] [Arraybot]: |       ||   |_||_ |   |_||_ |       ||       ||       ||  | |  |  |   |
[17:45:17] [Main/INFO] [Arraybot]: |       ||    __  ||    __  ||       ||_     _||  _   | |  |_|  |  |   |
[17:45:17] [Main/INFO] [Arraybot]: |   _   ||   |  | ||   |  | ||   _   |  |   |  | |_|   ||       |  |   |
[17:45:17] [Main/INFO] [Arraybot]: |__| |__||___|  |_||___|  |_||__| |__|  |___|  |_______||_______|  |___|
[17:45:17] [Main/INFO] [Arraybot]: 
[17:45:17] [Main/INFO] [Arraybot]: >> Arraybot v5dev || Running JDA 3.3.0_263 || Developed by Arraying <<
[17:45:17] [Main/INFO] [Arraybot]: 
[17:45:17] [Main/INFO] [Arraybot]: 
[17:45:17] [Main/INFO] [Arraybot]: 
[17:45:17] [Startup-Languages/INFO] [Startup-Languages]: Attempting to load in all languages...
[17:45:17] [Startup-Bot/INFO] [Startup-Bot]: Creating the bot manager...
[17:45:17] [Redis-Startup/INFO] [Redis-Startup]: Attempting to start up Redis...
[17:45:17] [Startup-Bot/INFO] [Startup-Bot]: Starting the bot manager...
[17:45:17] [Startup-Bot/INFO] [Bot-Manager]: Logging in a total of 1 shards.
[17:45:17] [Startup-Bot/INFO] [Bot-Manager]: Asynchronously firing the JDA instance login, using index 0.
[17:45:17] [Startup-Languages/INFO] [Languages]: Registered the language "en".
[17:45:18] [Startup-Commands/INFO] [Command-Manager]: Registered the command "ping".
[17:45:19] [Startup-Bot/INFO] [JDA]: Login Successful!
[17:45:19] [Redis-Startup/INFO] [Redis]: Registered the category ANNOUNCEMENT_IDS with the type SET.
[17:45:19] [Redis-Startup/INFO] [Redis]: Registered the category ANNOUNCEMENT with the type HASH.
[17:45:19] [Redis-Startup/INFO] [Redis]: Registered the category BLACKLIST with the type SET.
[17:45:19] [Redis-Startup/INFO] [Redis]: Registered the category CUSTOM_COMMAND_NAMES with the type SET.
[17:45:19] [Redis-Startup/INFO] [Redis]: Registered the category CUSTOM_COMMAND with the type HASH.
[17:45:19] [Redis-Startup/INFO] [Redis]: Registered the category DISABLED_COMMAND with the type SET.
[17:45:19] [Redis-Startup/INFO] [Redis]: Registered the category FILTER_IDS with the type SET.
[17:45:19] [Redis-Startup/INFO] [Redis]: Registered the category FILTER with the type SET.
[17:45:19] [Redis-Startup/INFO] [Redis]: Registered the category FILTER_BYPASS_IDS with the type SET.
[17:45:19] [Redis-Startup/INFO] [Redis]: Registered the category FILTER_BYPASS with the type HASH.
[17:45:19] [Redis-Startup/INFO] [Redis]: Registered the category GUILD with the type HASH.
[17:45:19] [Redis-Startup/INFO] [Redis]: Registered the category PUNISHMENT_IDS with the type SET.
[17:45:19] [Redis-Startup/INFO] [Redis]: Registered the category PUNISHMENT with the type HASH.
[17:45:19] [Redis-Startup/INFO] [Redis]: Registered the category MISC with the type KV.
[17:45:19] [Redis-Startup/INFO] [Redis-Startup]: Successfully connected to the Redis server.
[17:45:19] [Redis-Startup/INFO] [Redis-Startup]: All Redis entries have been registered.
[17:45:19] [JDA MainWS-ReadThread/INFO] [JDASocket]: Connected to WebSocket
[17:45:19] [Startup-Bot/INFO] [Startup-Bot]: Finished starting the shards, they should be loading asynchronously if they are not loaded yet.
[17:45:20] [JDA MainWS-ReadThread/INFO] [JDA]: Finished Loading!
[17:45:20] [JDA MainWS-ReadThread/INFO] [Bot-Manager]: The shard 0 has been flagged as ready and is commencing with event receiving.
[17:46:00] [Main/INFO] [Arraybot]: Starting up Arraybot...
[17:46:00] [Main/INFO] [Arraybot]: Loading in the configuration...
[17:46:00] [Main/INFO] [Arraybot]: The configuration has been loaded.
[17:46:00] [Main/INFO] [Arraybot]: 
[17:46:00] [Main/INFO] [Arraybot]: 
[17:46:00] [Main/INFO] [Arraybot]: 
[17:46:00] [Main/INFO] [Arraybot]:  _______  ______    ______    _______  __   __  _______  _______  _______
[17:46:00] [Main/INFO] [Arraybot]: |   _   ||    _ |  |    _ |  |   _   ||  | |  ||  _    ||       ||       |
[17:46:00] [Main/INFO] [Arraybot]: |  |_|  ||   | ||  |   | ||  |  |_|  ||  |_|  || |_|   ||   _   ||_     _|
[17:46:00] [Main/INFO] [Arraybot]: |       ||   |_||_ |   |_||_ |       ||       ||       ||  | |  |  |   |
[17:46:00] [Main/INFO] [Arraybot]: |       ||    __  ||    __  ||       ||_     _||  _   | |  |_|  |  |   |
[17:46:00] [Main/INFO] [Arraybot]: |   _   ||   |  | ||   |  | ||   _   |  |   |  | |_|   ||       |  |   |
[17:46:00] [Main/INFO] [Arraybot]: |__| |__||___|  |_||___|  |_||__| |__|  |___|  |_______||_______|  |___|
[17:46:00] [Main/INFO] [Arraybot]: 
[17:46:00] [Main/INFO] [Arraybot]: >> Arraybot v5dev || Running JDA 3.3.0_263 || Developed by Arraying <<
[17:46:00] [Main/INFO] [Arraybot]: 
[17:46:00] [Main/INFO] [Arraybot]: 
[17:46:00] [Main/INFO] [Arraybot]: 
[17:46:00] [Startup-Bot/INFO] [Startup-Bot]: Creating the bot manager...
[17:46:00] [Startup-Languages/INFO] [Startup-Languages]: Attempting to load in all languages...
[17:46:00] [Redis-Startup/INFO] [Redis-Startup]: Attempting to start up Redis...
[17:46:00] [Startup-Bot/INFO] [Startup-Bot]: Starting the bot manager...
[17:46:00] [Startup-Bot/INFO] [Bot-Manager]: Logging in a total of 1 shards.
[17:46:00] [Startup-Bot/INFO] [Bot-Manager]: Asynchronously firing the JDA instance login, using index 0.
[17:46:00] [Startup-Languages/INFO] [Languages]: Registered the language "en".
[17:46:00] [Startup-Commands/INFO] [Command-Manager]: Registered the command "ping".
[17:46:02] [Redis-Startup/INFO] [Redis]: Registered the category ANNOUNCEMENT_IDS with the type SET.
[17:46:02] [Redis-Startup/INFO] [Redis]: Registered the category ANNOUNCEMENT with the type HASH.
[17:46:02] [Redis-Startup/INFO] [Redis]: Registered the category BLACKLIST with the type SET.
[17:46:02] [Redis-Startup/INFO] [Redis]: Registered the category CUSTOM_COMMAND_NAMES with the type SET.
[17:46:02] [Redis-Startup/INFO] [Redis]: Registered the category CUSTOM_COMMAND with the type HASH.
[17:46:02] [Redis-Startup/INFO] [Redis]: Registered the category DISABLED_COMMAND with the type SET.
[17:46:02] [Redis-Startup/INFO] [Redis]: Registered the category FILTER_IDS with the type SET.
[17:46:02] [Redis-Startup/INFO] [Redis]: Registered the category FILTER with the type SET.
[17:46:02] [Redis-Startup/INFO] [Redis]: Registered the category FILTER_BYPASS_IDS with the type SET.
[17:46:02] [Redis-Startup/INFO] [Redis]: Registered the category FILTER_BYPASS with the type HASH.
[17:46:02] [Redis-Startup/INFO] [Redis]: Registered the category GUILD with the type HASH.
[17:46:02] [Redis-Startup/INFO] [Redis]: Registered the category PUNISHMENT_IDS with the type SET.
[17:46:02] [Redis-Startup/INFO] [Redis]: Registered the category PUNISHMENT with the type HASH.
[17:46:02] [Redis-Startup/INFO] [Redis]: Registered the category MISC with the type KV.
[17:46:02] [Redis-Startup/INFO] [Redis-Startup]: Successfully connected to the Redis server.
[17:46:02] [Redis-Startup/INFO] [Redis-Startup]: All Redis entries have been registered.
[17:46:03] [Startup-Bot/INFO] [JDA]: Login Successful!
[17:46:03] [Startup-Bot/INFO] [Startup-Bot]: Finished starting the shards, they should be loading asynchronously if they are not loaded yet.
[17:46:03] [JDA MainWS-ReadThread/INFO] [JDASocket]: Connected to WebSocket
[17:46:03] [Startup-Bot/INFO] [Shard-Watcher]: Starting the watching process. I got my eyes on you.
[17:46:04] [JDA MainWS-ReadThread/INFO] [JDA]: Finished Loading!
[17:46:04] [JDA MainWS-ReadThread/INFO] [Bot-Manager]: The shard 0 has been flagged as ready and is commencing with event receiving.
[17:48:03] [Shard-Watcher/INFO] [Shard-Watcher]: The shard 0 is running healthily with a ping of 123.
[20:13:34] [Main/INFO] [Arraybot]: Starting up Arraybot...
[20:13:34] [Main/INFO] [Arraybot]: Loading in the configuration...
[20:13:34] [Main/INFO] [Arraybot]: The configuration has been loaded.
[20:13:34] [Main/INFO] [Arraybot]: 
[20:13:34] [Main/INFO] [Arraybot]: 
[20:13:34] [Main/INFO] [Arraybot]: 
[20:13:34] [Main/INFO] [Arraybot]:  _______  ______    ______    _______  __   __  _______  _______  _______
[20:13:34] [Main/INFO] [Arraybot]: |   _   ||    _ |  |    _ |  |   _   ||  | |  ||  _    ||       ||       |
[20:13:34] [Main/INFO] [Arraybot]: |  |_|  ||   | ||  |   | ||  |  |_|  ||  |_|  || |_|   ||   _   ||_     _|
[20:13:34] [Main/INFO] [Arraybot]: |       ||   |_||_ |   |_||_ |       ||       ||       ||  | |  |  |   |
[20:13:34] [Main/INFO] [Arraybot]: |       ||    __  ||    __  ||       ||_     _||  _   | |  |_|  |  |   |
[20:13:34] [Main/INFO] [Arraybot]: |   _   ||   |  | ||   |  | ||   _   |  |   |  | |_|   ||       |  |   |
[20:13:34] [Main/INFO] [Arraybot]: |__| |__||___|  |_||___|  |_||__| |__|  |___|  |_______||_______|  |___|
[20:13:34] [Main/INFO] [Arraybot]: 
[20:13:34] [Main/INFO] [Arraybot]: >> Arraybot v5dev || Running JDA 3.3.0_263 || Developed by Arraying <<
[20:13:34] [Main/INFO] [Arraybot]: 
[20:13:34] [Main/INFO] [Arraybot]: 
[20:13:34] [Main/INFO] [Arraybot]: 
[20:13:34] [Startup-Bot/INFO] [Startup-Bot]: Creating the bot manager...
[20:13:34] [Startup-Languages/INFO] [Startup-Languages]: Attempting to load in all languages...
[20:13:34] [Redis-Startup/INFO] [Redis-Startup]: Attempting to start up Redis...
[20:13:34] [Startup-Bot/INFO] [Startup-Bot]: Starting the bot manager...
[20:13:34] [Startup-Bot/INFO] [Bot-Manager]: Logging in a total of 1 shards.
[20:13:34] [Startup-Bot/INFO] [Bot-Manager]: Asynchronously firing the JDA instance login, using index 0.
[20:13:34] [Startup-Languages/INFO] [Languages]: Registered the language "en".
[20:13:34] [Startup-Commands/INFO] [Command-Manager]: Registered the command "ping".
[20:13:36] [Startup-Bot/INFO] [JDA]: Login Successful!
[20:13:36] [Redis-Startup/INFO] [Redis]: Registered the category ANNOUNCEMENT_IDS with the type SET.
[20:13:36] [Redis-Startup/INFO] [Redis]: Registered the category ANNOUNCEMENT with the type HASH.
[20:13:36] [Redis-Startup/INFO] [Redis]: Registered the category BLACKLIST with the type SET.
[20:13:36] [Redis-Startup/INFO] [Redis]: Registered the category CUSTOM_COMMAND_NAMES with the type SET.
[20:13:36] [Redis-Startup/INFO] [Redis]: Registered the category CUSTOM_COMMAND with the type HASH.
[20:13:36] [Redis-Startup/INFO] [Redis]: Registered the category DISABLED_COMMAND with the type SET.
[20:13:36] [Redis-Startup/INFO] [Redis]: Registered the category FILTER_IDS with the type SET.
[20:13:36] [Redis-Startup/INFO] [Redis]: Registered the category FILTER with the type SET.
[20:13:36] [Redis-Startup/INFO] [Redis]: Registered the category FILTER_BYPASS_IDS with the type SET.
[20:13:36] [Redis-Startup/INFO] [Redis]: Registered the category FILTER_BYPASS with the type HASH.
[20:13:36] [Redis-Startup/INFO] [Redis]: Registered the category GUILD with the type HASH.
[20:13:36] [Redis-Startup/INFO] [Redis]: Registered the category PUNISHMENT_IDS with the type SET.
[20:13:36] [Redis-Startup/INFO] [Redis]: Registered the category PUNISHMENT with the type HASH.
[20:13:36] [Redis-Startup/INFO] [Redis]: Registered the category MISC with the type KV.
[20:13:36] [Redis-Startup/INFO] [Redis-Startup]: Successfully connected to the Redis server.
[20:13:36] [Redis-Startup/INFO] [Redis-Startup]: All Redis entries have been registered.
[20:13:36] [Startup-Bot/INFO] [Startup-Bot]: Finished starting the shards, they should be loading asynchronously if they are not loaded yet.
[20:13:36] [JDA MainWS-ReadThread/INFO] [JDASocket]: Connected to WebSocket
[20:13:36] [Startup-Bot/INFO] [Shard-Watcher]: Starting the watching process. I got my eyes on you.
[20:13:36] [Startup-Bot/INFO] [Guild-Watcher]: Starting the watching process. I got my eyes on you.
[20:13:36] [JDA MainWS-ReadThread/INFO] [JDA]: Finished Loading!
[20:13:36] [JDA MainWS-ReadThread/INFO] [Bot-Manager]: The shard 0 has been flagged as ready and is commencing with event receiving.
[20:23:11] [Main/INFO] [Arraybot]: Starting up Arraybot...
[20:23:11] [Main/INFO] [Arraybot]: Loading in the configuration...
[20:23:11] [Main/INFO] [Arraybot]: The configuration has been loaded.
[20:23:11] [Main/INFO] [Arraybot]: 
[20:23:11] [Main/INFO] [Arraybot]: 
[20:23:11] [Main/INFO] [Arraybot]: 
[20:23:11] [Main/INFO] [Arraybot]:  _______  ______    ______    _______  __   __  _______  _______  _______
[20:23:11] [Main/INFO] [Arraybot]: |   _   ||    _ |  |    _ |  |   _   ||  | |  ||  _    ||       ||       |
[20:23:11] [Main/INFO] [Arraybot]: |  |_|  ||   | ||  |   | ||  |  |_|  ||  |_|  || |_|   ||   _   ||_     _|
[20:23:11] [Main/INFO] [Arraybot]: |       ||   |_||_ |   |_||_ |       ||       ||       ||  | |  |  |   |
[20:23:11] [Main/INFO] [Arraybot]: |       ||    __  ||    __  ||       ||_     _||  _   | |  |_|  |  |   |
[20:23:11] [Main/INFO] [Arraybot]: |   _   ||   |  | ||   |  | ||   _   |  |   |  | |_|   ||       |  |   |
[20:23:11] [Main/INFO] [Arraybot]: |__| |__||___|  |_||___|  |_||__| |__|  |___|  |_______||_______|  |___|
[20:23:11] [Main/INFO] [Arraybot]: 
[20:23:11] [Main/INFO] [Arraybot]: >> Arraybot v5dev || Running JDA 3.3.0_263 || Developed by Arraying <<
[20:23:11] [Main/INFO] [Arraybot]: 
[20:23:11] [Main/INFO] [Arraybot]: 
[20:23:11] [Main/INFO] [Arraybot]: 
[20:23:11] [Startup-Bot/INFO] [Startup-Bot]: Creating the bot manager...
[20:23:11] [Startup-Languages/INFO] [Startup-Languages]: Attempting to load in all languages...
[20:23:11] [Redis-Startup/INFO] [Redis-Startup]: Attempting to start up Redis...
[20:23:11] [Startup-Bot/INFO] [Startup-Bot]: Starting the bot manager...
[20:23:11] [Startup-Bot/INFO] [Bot-Manager]: Logging in a total of 1 shards.
[20:23:11] [Startup-Bot/INFO] [Bot-Manager]: Asynchronously firing the JDA instance login, using index 0.
[20:23:11] [Startup-Languages/INFO] [Languages]: Registered the language "en".
[20:23:11] [Startup-Commands/INFO] [Command-Manager]: Registered the command "ping".
[20:23:12] [Startup-Bot/INFO] [JDA]: Login Successful!
[20:23:12] [Redis-Startup/INFO] [Redis]: Registered the category ANNOUNCEMENT_IDS with the type SET.
[20:23:12] [Redis-Startup/INFO] [Redis]: Registered the category ANNOUNCEMENT with the type HASH.
[20:23:12] [Redis-Startup/INFO] [Redis]: Registered the category BLACKLIST with the type SET.
[20:23:12] [Redis-Startup/INFO] [Redis]: Registered the category CUSTOM_COMMAND_NAMES with the type SET.
[20:23:12] [Redis-Startup/INFO] [Redis]: Registered the category CUSTOM_COMMAND with the type HASH.
[20:23:12] [Redis-Startup/INFO] [Redis]: Registered the category DISABLED_COMMAND with the type SET.
[20:23:12] [Redis-Startup/INFO] [Redis]: Registered the category FILTER_IDS with the type SET.
[20:23:12] [Redis-Startup/INFO] [Redis]: Registered the category FILTER with the type SET.
[20:23:12] [Redis-Startup/INFO] [Redis]: Registered the category FILTER_BYPASS_IDS with the type SET.
[20:23:12] [Redis-Startup/INFO] [Redis]: Registered the category FILTER_BYPASS with the type HASH.
[20:23:12] [Redis-Startup/INFO] [Redis]: Registered the category GUILD with the type HASH.
[20:23:12] [Redis-Startup/INFO] [Redis]: Registered the category PUNISHMENT_IDS with the type SET.
[20:23:12] [Redis-Startup/INFO] [Redis]: Registered the category PUNISHMENT with the type HASH.
[20:23:12] [Redis-Startup/INFO] [Redis]: Registered the category MISC with the type KV.
[20:23:12] [Redis-Startup/INFO] [Redis-Startup]: Successfully connected to the Redis server.
[20:23:12] [Redis-Startup/INFO] [Redis-Startup]: All Redis entries have been registered.
[20:23:13] [Startup-Bot/INFO] [Startup-Bot]: Finished starting the shards, they should be loading asynchronously if they are not loaded yet.
[20:23:13] [Startup-Bot/INFO] [Shard-Watcher]: Starting the watching process. I got my eyes on you.
[20:23:13] [JDA MainWS-ReadThread/INFO] [JDASocket]: Connected to WebSocket
[20:23:13] [Startup-Bot/INFO] [Guild-Watcher]: Starting the watching process. I got my eyes on you.
[20:23:13] [JDA MainWS-ReadThread/INFO] [JDA]: Finished Loading!
[20:23:13] [JDA MainWS-ReadThread/INFO] [Bot-Manager]: The shard 0 has been flagged as ready and is commencing with event receiving.
[20:23:28] [ForkJoinPool.commonPool-worker-2/INFO] [Command-Ping]: 115134128717955080 executed the command in the guild 215520016706174977.
[20:23:44] [ForkJoinPool.commonPool-worker-3/INFO] [Command-Ping]: 115134128717955080 executed the command in the guild 215520016706174977.
[20:33:31] [Main/INFO] [Arraybot]: Starting up Arraybot...
[20:33:31] [Main/INFO] [Arraybot]: Loading in the configuration...
[20:33:31] [Main/INFO] [Arraybot]: The configuration has been loaded.
[20:33:31] [Main/INFO] [Arraybot]: 
[20:33:31] [Main/INFO] [Arraybot]: 
[20:33:31] [Main/INFO] [Arraybot]: 
[20:33:31] [Main/INFO] [Arraybot]:  _______  ______    ______    _______  __   __  _______  _______  _______
[20:33:31] [Main/INFO] [Arraybot]: |   _   ||    _ |  |    _ |  |   _   ||  | |  ||  _    ||       ||       |
[20:33:31] [Main/INFO] [Arraybot]: |  |_|  ||   | ||  |   | ||  |  |_|  ||  |_|  || |_|   ||   _   ||_     _|
[20:33:31] [Main/INFO] [Arraybot]: |       ||   |_||_ |   |_||_ |       ||       ||       ||  | |  |  |   |
[20:33:31] [Main/INFO] [Arraybot]: |       ||    __  ||    __  ||       ||_     _||  _   | |  |_|  |  |   |
[20:33:31] [Main/INFO] [Arraybot]: |   _   ||   |  | ||   |  | ||   _   |  |   |  | |_|   ||       |  |   |
[20:33:31] [Main/INFO] [Arraybot]: |__| |__||___|  |_||___|  |_||__| |__|  |___|  |_______||_______|  |___|
[20:33:31] [Main/INFO] [Arraybot]: 
[20:33:31] [Main/INFO] [Arraybot]: >> Arraybot v5dev || Running JDA 3.3.0_263 || Developed by Arraying <<
[20:33:31] [Main/INFO] [Arraybot]: 
[20:33:31] [Main/INFO] [Arraybot]: 
[20:33:31] [Main/INFO] [Arraybot]: 
[20:33:31] [Startup-Bot/INFO] [Startup-Bot]: Creating the bot manager...
[20:33:31] [Startup-Languages/INFO] [Startup-Languages]: Attempting to load in all languages...
[20:33:31] [Redis-Startup/INFO] [Redis-Startup]: Attempting to start up Redis...
[20:33:31] [Startup-Languages/INFO] [Languages]: Registered the language "en".
[20:33:31] [Startup-Bot/INFO] [Startup-Bot]: Starting the bot manager...
[20:33:31] [Startup-Bot/INFO] [Bot-Manager]: Logging in a total of 1 shards.
[20:33:31] [Startup-Bot/INFO] [Bot-Manager]: Asynchronously firing the JDA instance login, using index 0.
[20:33:31] [Startup-Commands/INFO] [Command-Manager]: Registered the command "ping".
[20:33:32] [Startup-Bot/INFO] [JDA]: Login Successful!
[20:33:32] [Redis-Startup/INFO] [Redis]: Registered the category ANNOUNCEMENT_IDS with the type SET.
[20:33:32] [Redis-Startup/INFO] [Redis]: Registered the category ANNOUNCEMENT with the type HASH.
[20:33:32] [Redis-Startup/INFO] [Redis]: Registered the category BLACKLIST with the type SET.
[20:33:32] [Redis-Startup/INFO] [Redis]: Registered the category CUSTOM_COMMAND_NAMES with the type SET.
[20:33:32] [Redis-Startup/INFO] [Redis]: Registered the category CUSTOM_COMMAND with the type HASH.
[20:33:32] [Redis-Startup/INFO] [Redis]: Registered the category DISABLED_COMMAND with the type SET.
[20:33:32] [Redis-Startup/INFO] [Redis]: Registered the category FILTER_IDS with the type SET.
[20:33:32] [Redis-Startup/INFO] [Redis]: Registered the category FILTER with the type SET.
[20:33:32] [Redis-Startup/INFO] [Redis]: Registered the category FILTER_BYPASS_IDS with the type SET.
[20:33:32] [Redis-Startup/INFO] [Redis]: Registered the category FILTER_BYPASS with the type HASH.
[20:33:32] [Redis-Startup/INFO] [Redis]: Registered the category GUILD with the type HASH.
[20:33:32] [Redis-Startup/INFO] [Redis]: Registered the category PUNISHMENT_IDS with the type SET.
[20:33:32] [Redis-Startup/INFO] [Redis]: Registered the category PUNISHMENT with the type HASH.
[20:33:32] [Redis-Startup/INFO] [Redis]: Registered the category MISC with the type KV.
[20:33:32] [Redis-Startup/INFO] [Redis-Startup]: Successfully connected to the Redis server.
[20:33:32] [Redis-Startup/INFO] [Redis-Startup]: All Redis entries have been registered.
[20:33:33] [Startup-Bot/INFO] [Startup-Bot]: Finished starting the shards, they should be loading asynchronously if they are not loaded yet.
[20:33:33] [JDA MainWS-ReadThread/INFO] [JDASocket]: Connected to WebSocket
[20:33:33] [Startup-Bot/INFO] [Shard-Watcher]: Starting the watching process. I got my eyes on you.
[20:33:33] [Startup-Bot/INFO] [Guild-Watcher]: Starting the watching process. I got my eyes on you.
[20:33:33] [JDA MainWS-ReadThread/INFO] [JDA]: Finished Loading!
[20:33:33] [JDA MainWS-ReadThread/INFO] [Bot-Manager]: The shard 0 has been flagged as ready and is commencing with event receiving.
[20:33:36] [ForkJoinPool.commonPool-worker-2/INFO] [Command-Ping]: 115134128717955080 executed the command in the guild 215520016706174977.
[20:33:39] [ForkJoinPool.commonPool-worker-2/INFO] [Command-Ping]: 115134128717955080 executed the command in the guild 215520016706174977.
[20:35:33] [Shard-Watcher/INFO] [Shard-Watcher]: The shard 0 is running healthily with a ping of 171.
[20:35:55] [Main/INFO] [Arraybot]: Starting up Arraybot...
[20:35:55] [Main/INFO] [Arraybot]: Loading in the configuration...
[20:35:55] [Main/INFO] [Arraybot]: The configuration has been loaded.
[20:35:55] [Main/INFO] [Arraybot]: 
[20:35:55] [Main/INFO] [Arraybot]: 
[20:35:55] [Main/INFO] [Arraybot]: 
[20:35:55] [Main/INFO] [Arraybot]:  _______  ______    ______    _______  __   __  _______  _______  _______
[20:35:55] [Main/INFO] [Arraybot]: |   _   ||    _ |  |    _ |  |   _   ||  | |  ||  _    ||       ||       |
[20:35:55] [Main/INFO] [Arraybot]: |  |_|  ||   | ||  |   | ||  |  |_|  ||  |_|  || |_|   ||   _   ||_     _|
[20:35:55] [Main/INFO] [Arraybot]: |       ||   |_||_ |   |_||_ |       ||       ||       ||  | |  |  |   |
[20:35:55] [Main/INFO] [Arraybot]: |       ||    __  ||    __  ||       ||_     _||  _   | |  |_|  |  |   |
[20:35:55] [Main/INFO] [Arraybot]: |   _   ||   |  | ||   |  | ||   _   |  |   |  | |_|   ||       |  |   |
[20:35:55] [Main/INFO] [Arraybot]: |__| |__||___|  |_||___|  |_||__| |__|  |___|  |_______||_______|  |___|
[20:35:55] [Main/INFO] [Arraybot]: 
[20:35:55] [Main/INFO] [Arraybot]: >> Arraybot v5dev || Running JDA 3.3.0_263 || Developed by Arraying <<
[20:35:55] [Main/INFO] [Arraybot]: 
[20:35:55] [Main/INFO] [Arraybot]: 
[20:35:55] [Main/INFO] [Arraybot]: 
[20:35:55] [Startup-Bot/INFO] [Startup-Bot]: Creating the bot manager...
[20:35:55] [Startup-Languages/INFO] [Startup-Languages]: Attempting to load in all languages...
[20:35:55] [Redis-Startup/INFO] [Redis-Startup]: Attempting to start up Redis...
[20:35:55] [Startup-Bot/INFO] [Startup-Bot]: Starting the bot manager...
[20:35:55] [Startup-Bot/INFO] [Bot-Manager]: Logging in a total of 1 shards.
[20:35:55] [Startup-Bot/INFO] [Bot-Manager]: Asynchronously firing the JDA instance login, using index 0.
[20:35:55] [Startup-Languages/INFO] [Languages]: Registered the language "en".
[20:35:55] [Startup-Commands/INFO] [Command-Manager]: Registered the command "ping".
[20:35:56] [Startup-Bot/INFO] [JDA]: Login Successful!
[20:35:56] [Redis-Startup/INFO] [Redis]: Registered the category ANNOUNCEMENT_IDS with the type SET.
[20:35:56] [Redis-Startup/INFO] [Redis]: Registered the category ANNOUNCEMENT with the type HASH.
[20:35:56] [Redis-Startup/INFO] [Redis]: Registered the category BLACKLIST with the type SET.
[20:35:56] [Redis-Startup/INFO] [Redis]: Registered the category CUSTOM_COMMAND_NAMES with the type SET.
[20:35:56] [Redis-Startup/INFO] [Redis]: Registered the category CUSTOM_COMMAND with the type HASH.
[20:35:56] [Redis-Startup/INFO] [Redis]: Registered the category DISABLED_COMMAND with the type SET.
[20:35:56] [Redis-Startup/INFO] [Redis]: Registered the category FILTER_IDS with the type SET.
[20:35:56] [Redis-Startup/INFO] [Redis]: Registered the category FILTER with the type SET.
[20:35:56] [Redis-Startup/INFO] [Redis]: Registered the category FILTER_BYPASS_IDS with the type SET.
[20:35:56] [Redis-Startup/INFO] [Redis]: Registered the category FILTER_BYPASS with the type HASH.
[20:35:56] [Redis-Startup/INFO] [Redis]: Registered the category GUILD with the type HASH.
[20:35:56] [Redis-Startup/INFO] [Redis]: Registered the category PUNISHMENT_IDS with the type SET.
[20:35:56] [Redis-Startup/INFO] [Redis]: Registered the category PUNISHMENT with the type HASH.
[20:35:56] [Redis-Startup/INFO] [Redis]: Registered the category MISC with the type KV.
[20:35:56] [Redis-Startup/INFO] [Redis-Startup]: Successfully connected to the Redis server.
[20:35:56] [Redis-Startup/INFO] [Redis-Startup]: All Redis entries have been registered.
[20:35:57] [Startup-Bot/INFO] [Startup-Bot]: Finished starting the shards, they should be loading asynchronously if they are not loaded yet.
[20:35:57] [JDA MainWS-ReadThread/INFO] [JDASocket]: Connected to WebSocket
[20:35:57] [Startup-Bot/INFO] [Shard-Watcher]: Starting the watching process. I got my eyes on you.
[20:35:57] [Startup-Bot/INFO] [Guild-Watcher]: Starting the watching process. I got my eyes on you.
[20:35:57] [JDA MainWS-ReadThread/INFO] [JDA]: Finished Loading!
[20:35:57] [JDA MainWS-ReadThread/INFO] [Bot-Manager]: The shard 0 has been flagged as ready and is commencing with event receiving.
[20:36:00] [ForkJoinPool.commonPool-worker-2/INFO] [Command-Ping]: 115134128717955080 executed the command in the guild 215520016706174977.
[20:36:05] [ForkJoinPool.commonPool-worker-2/INFO] [Command-Ping]: 115134128717955080 executed the command in the guild 215520016706174977.
[20:41:19] [Main/INFO] [Arraybot]: Starting up Arraybot...
[20:41:19] [Main/INFO] [Arraybot]: Loading in the configuration...
[20:41:19] [Main/INFO] [Arraybot]: The configuration has been loaded.
[20:41:19] [Main/INFO] [Arraybot]: 
[20:41:19] [Main/INFO] [Arraybot]: 
[20:41:19] [Main/INFO] [Arraybot]: 
[20:41:19] [Main/INFO] [Arraybot]:  _______  ______    ______    _______  __   __  _______  _______  _______
[20:41:19] [Main/INFO] [Arraybot]: |   _   ||    _ |  |    _ |  |   _   ||  | |  ||  _    ||       ||       |
[20:41:19] [Main/INFO] [Arraybot]: |  |_|  ||   | ||  |   | ||  |  |_|  ||  |_|  || |_|   ||   _   ||_     _|
[20:41:19] [Main/INFO] [Arraybot]: |       ||   |_||_ |   |_||_ |       ||       ||       ||  | |  |  |   |
[20:41:19] [Main/INFO] [Arraybot]: |       ||    __  ||    __  ||       ||_     _||  _   | |  |_|  |  |   |
[20:41:19] [Main/INFO] [Arraybot]: |   _   ||   |  | ||   |  | ||   _   |  |   |  | |_|   ||       |  |   |
[20:41:19] [Main/INFO] [Arraybot]: |__| |__||___|  |_||___|  |_||__| |__|  |___|  |_______||_______|  |___|
[20:41:19] [Main/INFO] [Arraybot]: 
[20:41:19] [Main/INFO] [Arraybot]: >> Arraybot v5dev || Running JDA 3.3.0_263 || Developed by Arraying <<
[20:41:19] [Main/INFO] [Arraybot]: 
[20:41:19] [Main/INFO] [Arraybot]: 
[20:41:19] [Main/INFO] [Arraybot]: 
[20:41:19] [Startup-Bot/INFO] [Startup-Bot]: Creating the bot manager...
[20:41:19] [Startup-Languages/INFO] [Startup-Languages]: Attempting to load in all languages...
[20:41:19] [Redis-Startup/INFO] [Redis-Startup]: Attempting to start up Redis...
[20:41:19] [Startup-Bot/INFO] [Startup-Bot]: Starting the bot manager...
[20:41:19] [Startup-Bot/INFO] [Bot-Manager]: Logging in a total of 1 shards.
[20:41:19] [Startup-Bot/INFO] [Bot-Manager]: Asynchronously firing the JDA instance login, using index 0.
[20:41:19] [Startup-Languages/INFO] [Languages]: Registered the language "en".
[20:41:20] [Startup-Commands/INFO] [Command-Manager]: Registered the command "ping".
